<?xml version="1.0" encoding="UTF-8"?>
<!-- Generated by org.testng.reporters.JUnitReportReporter -->
<testsuite skipped="0" hostname="DESKTOP-UCE1VUJ" name="com.obsqura.scripts.LoginTest" tests="5" failures="0" timestamp="11 Jan 2023 04:39:32 GMT" time="70.206" errors="0">
  <testcase name="verifyInValidLogin" time="9.230" classname="com.obsqura.scripts.LoginTest"/>
  <testcase name="verifyInValidLogin" time="10.965" classname="com.obsqura.scripts.LoginTest"/>
  <testcase name="verifyValidLogin" time="12.632" classname="com.obsqura.scripts.LoginTest"/>
  <testcase name="verifyInValidLogin" time="8.838" classname="com.obsqura.scripts.LoginTest"/>
  <testcase name="verifyForgotPassword" time="28.541" classname="com.obsqura.scripts.LoginTest"/>
</testsuite> <!-- com.obsqura.scripts.LoginTest -->
