<?xml version="1.0" encoding="UTF-8"?>
<!-- Generated by org.testng.reporters.JUnitReportReporter -->
<testsuite skipped="0" hostname="DESKTOP-UCE1VUJ" name="com.obsqura.scripts.HomeTest" tests="5" failures="0" timestamp="11 Jan 2023 04:41:27 GMT" time="97.298" errors="0">
  <testcase name="verifyAdminAbleToSendQuickSMS" time="13.640" classname="com.obsqura.scripts.HomeTest"/>
  <testcase name="verifyAdminNotAbleToSendQuickSMS" time="11.043" classname="com.obsqura.scripts.HomeTest"/>
  <testcase name="verifyHomeLogout" time="13.575" classname="com.obsqura.scripts.HomeTest"/>
  <testcase name="verifyAdimNotAbleToSendInvalidQuickEmail" time="26.218" classname="com.obsqura.scripts.HomeTest"/>
  <testcase name="verifyAdminAbleToSendQuickEmail" time="32.822" classname="com.obsqura.scripts.HomeTest"/>
</testsuite> <!-- com.obsqura.scripts.HomeTest -->
