<?xml version="1.0" encoding="UTF-8"?>
<!-- Generated by org.testng.reporters.JUnitReportReporter -->
<testsuite skipped="0" hostname="DESKTOP-UCE1VUJ" name="com.obsqura.scripts.ReparationTest" tests="1" failures="0" timestamp="11 Jan 2023 04:34:21 GMT" time="42.198" errors="0">
  <testcase name="verifyUserAbleToSearchTheReparationDetails" time="42.198" classname="com.obsqura.scripts.ReparationTest"/>
</testsuite> <!-- com.obsqura.scripts.ReparationTest -->
