<?xml version="1.0" encoding="UTF-8"?>
<!-- Generated by org.testng.reporters.JUnitReportReporter -->
<testsuite skipped="0" hostname="DESKTOP-UCE1VUJ" name="com.obsqura.scripts.ClientTest" tests="7" failures="0" timestamp="11 Jan 2023 04:46:41 GMT" time="240.621" errors="0">
  <testcase name="verifyUserAbleToGetErrorMessageForUnuploadedImageClickOnViewClientImage" time="26.301" classname="com.obsqura.scripts.ClientTest"/>
  <testcase name="verifyUserAbletoViewClientDetails" time="23.671" classname="com.obsqura.scripts.ClientTest"/>
  <testcase name="verifyUserAbletoEditClientDetails" time="66.105" classname="com.obsqura.scripts.ClientTest"/>
  <testcase name="verifyUserAbleToAddClientDetails" time="27.021" classname="com.obsqura.scripts.ClientTest"/>
  <testcase name="verifyUserAbleToDoValidClientSearch" time="36.339" classname="com.obsqura.scripts.ClientTest"/>
  <testcase name="verifyUserAbletoDeleteClient" time="26.092" classname="com.obsqura.scripts.ClientTest"/>
  <testcase name="verifyUserAbleToCheckClientRepairsDetailsContainsNoData" time="35.092" classname="com.obsqura.scripts.ClientTest"/>
</testsuite> <!-- com.obsqura.scripts.ClientTest -->
