<?xml version="1.0" encoding="UTF-8"?>
<!-- Generated by org.testng.reporters.JUnitReportReporter -->
<testsuite skipped="0" hostname="DESKTOP-UCE1VUJ" name="com.obsqura.scripts.InventoryTest" tests="1" failures="0" timestamp="11 Jan 2023 05:13:37 GMT" time="27.458" errors="0">
  <testcase name="verifyUserAbleToDeleteIventoryProduct" time="27.458" classname="com.obsqura.scripts.InventoryTest"/>
</testsuite> <!-- com.obsqura.scripts.InventoryTest -->
