<?xml version="1.0" encoding="UTF-8"?>
<!-- Generated by org.testng.reporters.JUnitReportReporter -->
<testsuite skipped="0" hostname="DESKTOP-UCE1VUJ" name="com.obsqura.groupTests.HomeTest" tests="1" failures="0" timestamp="03 Jan 2023 07:33:22 GMT" time="8.754" errors="0">
  <testcase name="verifyAdminAbleToSendQuickSMS" time="8.754" classname="com.obsqura.groupTests.HomeTest"/>
</testsuite> <!-- com.obsqura.groupTests.HomeTest -->
